<?xml version="1.0" encoding="UTF-8"?>
<testng-results ignored="0" total="1" passed="1" failed="0" skipped="0">
  <reporter-output>
  </reporter-output>
  <suite started-at="2026-01-18T21:00:40 IST" name="Default suite" finished-at="2026-01-18T21:00:41 IST" duration-ms="1393">
    <groups>
    </groups>
    <test started-at="2026-01-18T21:00:40 IST" name="Default test" finished-at="2026-01-18T21:00:41 IST" duration-ms="1393">
      <class name="ECommerceAPITest">
        <test-method signature="ecommerce()[pri:0, instance:ECommerceAPITest@3c7f66c4]" started-at="2026-01-18T21:00:40 IST" name="ecommerce" finished-at="2026-01-18T21:00:41 IST" duration-ms="1380" status="PASS">
          <reporter-output>
          </reporter-output>
        </test-method> <!-- ecommerce -->
      </class> <!-- ECommerceAPITest -->
    </test> <!-- Default test -->
  </suite> <!-- Default suite -->
</testng-results>
