<?xml version="1.0" encoding="UTF-8"?>
<testng-results ignored="0" total="1" passed="1" failed="0" skipped="0">
  <reporter-output>
  </reporter-output>
  <suite started-at="2026-01-19T00:05:41 IST" name="Default suite" finished-at="2026-01-19T00:05:42 IST" duration-ms="1526">
    <groups>
    </groups>
    <test started-at="2026-01-19T00:05:41 IST" name="Default test" finished-at="2026-01-19T00:05:42 IST" duration-ms="1526">
      <class name="demo.ECommerceAPITest">
        <test-method signature="ecommerce()[pri:0, instance:demo.ECommerceAPITest@3a44431a]" started-at="2026-01-19T00:05:41 IST" name="ecommerce" finished-at="2026-01-19T00:05:42 IST" duration-ms="1514" status="PASS">
          <reporter-output>
          </reporter-output>
        </test-method> <!-- ecommerce -->
      </class> <!-- demo.ECommerceAPITest -->
    </test> <!-- Default test -->
  </suite> <!-- Default suite -->
</testng-results>
